#-----------------------------------------------------------
# Vivado v2020.2 (64-bit)
# SW Build 3064766 on Wed Nov 18 09:12:45 MST 2020
# IP Build 3064653 on Wed Nov 18 14:17:31 MST 2020
# Start of session at: Mon Feb 27 11:52:42 2023
# Process ID: 2488
# Current directory: C:/Users/Barbora/Desktop/de1/digital-electronics-1/03-vivado/multiplexer
# Command line: vivado.exe -gui_launcher_event rodinguilauncherevent22836 C:\Users\Barbora\Desktop\de1\digital-electronics-1\03-vivado\multiplexer\multiplexer.xpr
# Log file: C:/Users/Barbora/Desktop/de1/digital-electronics-1/03-vivado/multiplexer/vivado.log
# Journal file: C:/Users/Barbora/Desktop/de1/digital-electronics-1/03-vivado/multiplexer\vivado.jou
#-----------------------------------------------------------
start_gui
open_project C:/Users/Barbora/Desktop/de1/digital-electronics-1/03-vivado/multiplexer/multiplexer.xpr
WARNING: [filemgmt 56-3] Default IP Output Path : Could not find the directory 'C:/Users/Barbora/Desktop/de1/digital-electronics-1/03-vivado/multiplexer/multiplexer.gen/sources_1'.
Scanning sources...
Finished scanning sources
INFO: [IP_Flow 19-234] Refreshing IP repositories
INFO: [IP_Flow 19-1704] No user IP repositories specified
INFO: [IP_Flow 19-2313] Loaded Vivado IP repository 'D:/Xilinx/Vivado/2020.2/data/ip'.
update_compile_order -fileset sources_1
exit
INFO: [Common 17-206] Exiting Vivado at Mon Feb 27 11:53:33 2023...
